  App.cpp
D:\Hypa\Hypa\base.h(2,1): warning C4005: 'HYPA_EXPORTS': macro redefinition
  (compiling source file 'App.cpp')
  D:\Hypa\Hypa\base.h(2,1):
  'HYPA_EXPORTS' previously declared on the command line
  
  Hypa.cpp
D:\Hypa\Hypa\base.h(2,1): warning C4005: 'HYPA_EXPORTS': macro redefinition
  (compiling source file 'Hypa.cpp')
  D:\Hypa\Hypa\base.h(2,1):
  'HYPA_EXPORTS' previously declared on the command line
  
  Vulkan.cpp
D:\Hypa\Hypa\base.h(2,1): warning C4005: 'HYPA_EXPORTS': macro redefinition
  (compiling source file 'Vulkan.cpp')
  D:\Hypa\Hypa\base.h(2,1):
  'HYPA_EXPORTS' previously declared on the command line
  
D:\Hypa\Hypa\Vulkan.cpp(826,94): warning C4267: '=': conversion from 'size_t' to 'uint32_t', possible loss of data
D:\Hypa\Hypa\Vulkan.cpp(1070,51): warning C4267: '+=': conversion from 'size_t' to '_Ty', possible loss of data
D:\Hypa\Hypa\Vulkan.cpp(1070,51): warning C4267:         with
D:\Hypa\Hypa\Vulkan.cpp(1070,51): warning C4267:         [
D:\Hypa\Hypa\Vulkan.cpp(1070,51): warning C4267:             _Ty=int
D:\Hypa\Hypa\Vulkan.cpp(1070,51): warning C4267:         ]
D:\Hypa\Hypa\Vulkan.cpp(1467,43): warning C4267: 'argument': conversion from 'size_t' to '_Ty', possible loss of data
D:\Hypa\Hypa\Vulkan.cpp(1467,43): warning C4267:         with
D:\Hypa\Hypa\Vulkan.cpp(1467,43): warning C4267:         [
D:\Hypa\Hypa\Vulkan.cpp(1467,43): warning C4267:             _Ty=int
D:\Hypa\Hypa\Vulkan.cpp(1467,43): warning C4267:         ]
D:\Hypa\Hypa\Vulkan.cpp(1491,100): warning C4267: '=': conversion from 'size_t' to 'uint32_t', possible loss of data
D:\Hypa\Hypa\Vulkan.cpp(1593,99): warning C4267: '=': conversion from 'size_t' to 'uint32_t', possible loss of data
D:\Hypa\Hypa\Vulkan.cpp(1711,95): warning C4267: 'initializing': conversion from 'size_t' to 'int', possible loss of data
D:\Hypa\Hypa\Vulkan.cpp(1711,28): warning C4267: 'initializing': conversion from 'size_t' to 'const int', possible loss of data
  Generating Code...
     Creating library D:\Hypa\x64\Debug\Hypa.lib and object D:\Hypa\x64\Debug\Hypa.exp
LINK : warning LNK4098: defaultlib 'MSVCRT' conflicts with use of other libs; use /NODEFAULTLIB:library
  Hypa.vcxproj -> D:\Hypa\x64\Debug\Hypa.dll
