d:\hypa\hypa\x64\debug\vc143.pdb
d:\hypa\hypa\x64\debug\vc143.idb
d:\hypa\hypa\x64\debug\window.obj
d:\hypa\hypa\x64\debug\vulkan.obj
d:\hypa\hypa\x64\debug\renderingapi.obj
d:\hypa\hypa\x64\debug\rendering3d.obj
d:\hypa\hypa\x64\debug\logging.obj
d:\hypa\hypa\x64\debug\layer.obj
d:\hypa\hypa\x64\debug\hypa.obj
d:\hypa\hypa\x64\debug\flags.obj
d:\hypa\hypa\x64\debug\eventsystem.obj
d:\hypa\hypa\x64\debug\app.obj
d:\hypa\x64\debug\hypa.dll
d:\hypa\x64\debug\hypa.pdb
d:\hypa\x64\debug\hypa.lib
d:\hypa\x64\debug\hypa.exp
d:\hypa\hypa\x64\debug\hypa.ilk
d:\hypa\hypa\x64\debug\hypa.tlog\cl.command.1.tlog
d:\hypa\hypa\x64\debug\hypa.tlog\cl.items.tlog
d:\hypa\hypa\x64\debug\hypa.tlog\cl.read.1.tlog
d:\hypa\hypa\x64\debug\hypa.tlog\cl.write.1.tlog
d:\hypa\hypa\x64\debug\hypa.tlog\link.command.1.tlog
d:\hypa\hypa\x64\debug\hypa.tlog\link.read.1.tlog
d:\hypa\hypa\x64\debug\hypa.tlog\link.secondary.1.tlog
d:\hypa\hypa\x64\debug\hypa.tlog\link.write.1.tlog
