d:\hypa\exampleproject\x64\debug\vc143.pdb
d:\hypa\exampleproject\x64\debug\vc143.idb
d:\hypa\exampleproject\x64\debug\exampleproject.obj
d:\hypa\exampleproject\x64\debug\exampleproject.ilk
d:\hypa\x64\debug\exampleproject.pdb
d:\hypa\exampleproject\x64\debug\exampleproject.tlog\cl.command.1.tlog
d:\hypa\exampleproject\x64\debug\exampleproject.tlog\cl.items.tlog
d:\hypa\exampleproject\x64\debug\exampleproject.tlog\cl.read.1.tlog
d:\hypa\exampleproject\x64\debug\exampleproject.tlog\cl.write.1.tlog
d:\hypa\exampleproject\x64\debug\exampleproject.tlog\link-cvtres.read.1.tlog
d:\hypa\exampleproject\x64\debug\exampleproject.tlog\link-cvtres.write.1.tlog
d:\hypa\exampleproject\x64\debug\exampleproject.tlog\link-rc.read.1.tlog
d:\hypa\exampleproject\x64\debug\exampleproject.tlog\link-rc.write.1.tlog
d:\hypa\exampleproject\x64\debug\exampleproject.tlog\link.16880-cvtres.read.1.tlog
d:\hypa\exampleproject\x64\debug\exampleproject.tlog\link.16880-cvtres.write.1.tlog
d:\hypa\exampleproject\x64\debug\exampleproject.tlog\link.16880-rc.read.1.tlog
d:\hypa\exampleproject\x64\debug\exampleproject.tlog\link.16880-rc.write.1.tlog
d:\hypa\exampleproject\x64\debug\exampleproject.tlog\link.16880.read.1.tlog
d:\hypa\exampleproject\x64\debug\exampleproject.tlog\link.16880.read.2.tlog
d:\hypa\exampleproject\x64\debug\exampleproject.tlog\link.16880.write.1.tlog
d:\hypa\exampleproject\x64\debug\exampleproject.tlog\link.command.1.tlog
d:\hypa\exampleproject\x64\debug\exampleproject.tlog\link.read.1.tlog
d:\hypa\exampleproject\x64\debug\exampleproject.tlog\link.read.2.tlog
d:\hypa\exampleproject\x64\debug\exampleproject.tlog\link.secondary.1.tlog
d:\hypa\exampleproject\x64\debug\exampleproject.tlog\link.write.1.tlog
